{'level': 'SEVERE', 'message': 'https://www.linkedin.com/platform-telemetry/li/apfcDf - Failed to load resource: the server responded with a status of 400 ()', 'source': 'network', 'timestamp': 1656661231062}
{'level': 'SEVERE', 'message': 'https://www.facebook.com/tr?id=1064772166942435&ev=PageView&noscript=1 - Failed to load resource: net::ERR_CONNECTION_RESET', 'source': 'network', 'timestamp': 1656661231602}
{'level': 'WARNING', 'message': 'https://static-exp1.licdn.com/sc/h/36rhnd64cvsz0reb87iue38hk 951:140 "quill" "Overwriting modules/clipboard with" class extends n{onPaste(t){var e\nif(null===(e=t.clipboardData)||void 0===e?void 0:e.getData("text/link-preview")){const e=this.quill.getSelection()\nif(!e)return super.onPaste(t)\nt.preventDefault()\nconst n=t.clipboardData.getData("text/plain"),i=(new r).retain(e.index).delete(e.length).insert(n)\nthis.quill.updateContents(i,"silent")\nconst o=n.length+e.index,l=0\nthis.quill.setSelection(o,l,"silent")}return super.onPaste(t)}}', 'source': 'console-api', 'timestamp': 1656661238191}
{'level': 'SEVERE', 'message': 'https://www.facebook.com/tr?id=502785856909471&ev=ViewContent - Failed to load resource: net::ERR_CONNECTION_RESET', 'source': 'network', 'timestamp': 1656661239435}
{'level': 'SEVERE', 'message': 'https://www.facebook.com/tr?id=1064772166942435&ev=PageView&&noscript=1 - Failed to load resource: net::ERR_CONNECTION_RESET', 'source': 'network', 'timestamp': 1656661239493}
{'level': 'WARNING', 'message': 'https://static-exp1.licdn.com/sc/h/36rhnd64cvsz0reb87iue38hk 951:140 "quill" "Overwriting modules/clipboard with" class extends n{onPaste(t){var e\nif(null===(e=t.clipboardData)||void 0===e?void 0:e.getData("text/link-preview")){const e=this.quill.getSelection()\nif(!e)return super.onPaste(t)\nt.preventDefault()\nconst n=t.clipboardData.getData("text/plain"),i=(new r).retain(e.index).delete(e.length).insert(n)\nthis.quill.updateContents(i,"silent")\nconst o=n.length+e.index,l=0\nthis.quill.setSelection(o,l,"silent")}return super.onPaste(t)}}', 'source': 'console-api', 'timestamp': 1656661243688}
{'level': 'SEVERE', 'message': 'https://www.facebook.com/tr?id=502785856909471&ev=ViewContent - Failed to load resource: net::ERR_CONNECTION_RESET', 'source': 'network', 'timestamp': 1656661244646}
{'level': 'SEVERE', 'message': 'https://www.facebook.com/tr?id=1064772166942435&ev=PageView&&noscript=1 - Failed to load resource: net::ERR_CONNECTION_RESET', 'source': 'network', 'timestamp': 1656661244646}
{'level': 'SEVERE', 'message': 'https://media-exp2.licdn.com/dms/image/C4E35AQEIVkoUWgLFvw/profile-framedphoto-shrink_100_100/0/1597096649541?e=1657267200&v=beta&t=wN2xp4IA3cOp53KXijF7S4cDZk_mtEYH2c1KPUPPnCY - Failed to load resource: the server responded with a status of 404 ()', 'source': 'network', 'timestamp': 1656661275533}
{'level': 'SEVERE', 'message': 'https://www.linkedin.com/voyager/api/voyagerMessagingDashComposeOptions/urn%3Ali%3Afsd_composeOption%3A(ACoAACSUv28BQsrIOQAIjiTLcDdUaWoAKOd5U2c%2CNONE%2CEMPTY_CONTEXT_ENTITY_URN) - Failed to load resource: the server responded with a status of 500 ()', 'source': 'network', 'timestamp': 1656661311129}
{'level': 'SEVERE', 'message': 'https://www.linkedin.com/voyager/api/voyagerMessagingDashComposeOptions/urn%3Ali%3Afsd_composeOption%3A(ACoAADIAsJ8Bmb-Spk--jMavSTYHWggMxKhYYRQ%2CNONE%2CEMPTY_CONTEXT_ENTITY_URN) - Failed to load resource: the server responded with a status of 500 ()', 'source': 'network', 'timestamp': 1656661311129}
{'level': 'SEVERE', 'message': 'https://www.linkedin.com/voyager/api/voyagerMessagingDashComposeOptions/urn%3Ali%3Afsd_composeOption%3A(ACoAAAwTMKIBZXuTEQxaJg4Laby4MlaADg9KXnA%2CNONE%2CEMPTY_CONTEXT_ENTITY_URN) - Failed to load resource: the server responded with a status of 500 ()', 'source': 'network', 'timestamp': 1656661311149}
{'level': 'SEVERE', 'message': 'https://www.linkedin.com/voyager/api/voyagerMessagingDashComposeOptions/urn%3Ali%3Afsd_composeOption%3A(ACoAADIZgc8Brf5Esc_fnPROq-36E7aOdT2P3dg%2CNONE%2CEMPTY_CONTEXT_ENTITY_URN) - Failed to load resource: the server responded with a status of 500 ()', 'source': 'network', 'timestamp': 1656661311150}
{'level': 'SEVERE', 'message': 'https://www.linkedin.com/mynetwork/invite-connect/connections/ 0:0 ', 'source': 'javascript', 'timestamp': 1656661311150}
{'level': 'SEVERE', 'message': 'https://www.linkedin.com/voyager/api/voyagerMessagingDashComposeOptions/urn%3Ali%3Afsd_composeOption%3A(ACoAACl3LikBCLuPqZ-W3TVotYNqEyVcv9pmP-8%2CNONE%2CEMPTY_CONTEXT_ENTITY_URN) - Failed to load resource: the server responded with a status of 500 ()', 'source': 'network', 'timestamp': 1656661311152}
{'level': 'SEVERE', 'message': 'https://www.linkedin.com/mynetwork/invite-connect/connections/ 0:0 ', 'source': 'javascript', 'timestamp': 1656661311153}
{'level': 'SEVERE', 'message': 'https://www.linkedin.com/voyager/api/voyagerMessagingDashComposeOptions/urn%3Ali%3Afsd_composeOption%3A(ACoAAC0-WZgBLSfWoGv4LQpvdRnwo-E2EQr4oyQ%2CNONE%2CEMPTY_CONTEXT_ENTITY_URN) - Failed to load resource: the server responded with a status of 500 ()', 'source': 'network', 'timestamp': 1656661311165}
{'level': 'SEVERE', 'message': 'https://www.linkedin.com/voyager/api/voyagerMessagingDashComposeOptions/urn%3Ali%3Afsd_composeOption%3A(ACoAADK4Q6kB4JuhP7iDhT3XmoEST1F4PRmZ8lE%2CNONE%2CEMPTY_CONTEXT_ENTITY_URN) - Failed to load resource: the server responded with a status of 500 ()', 'source': 'network', 'timestamp': 1656661311167}
{'level': 'SEVERE', 'message': 'https://www.linkedin.com/mynetwork/invite-connect/connections/ 0:0 ', 'source': 'javascript', 'timestamp': 1656661311167}
{'level': 'SEVERE', 'message': 'https://www.linkedin.com/mynetwork/invite-connect/connections/ 0:0 ', 'source': 'javascript', 'timestamp': 1656661311169}
{'level': 'SEVERE', 'message': 'https://www.linkedin.com/voyager/api/voyagerMessagingDashComposeOptions/urn%3Ali%3Afsd_composeOption%3A(ACoAACVKdHEB_pK0FG8rIVURZvyAgM3WpFt2GtQ%2CNONE%2CEMPTY_CONTEXT_ENTITY_URN) - Failed to load resource: the server responded with a status of 500 ()', 'source': 'network', 'timestamp': 1656661311169}
{'level': 'SEVERE', 'message': 'https://www.linkedin.com/mynetwork/invite-connect/connections/ 0:0 ', 'source': 'javascript', 'timestamp': 1656661311169}
{'level': 'SEVERE', 'message': 'https://www.linkedin.com/voyager/api/voyagerMessagingDashComposeOptions/urn%3Ali%3Afsd_composeOption%3A(ACoAACgXUCcBANSfKR4_-bx7Iz6OcnngZ8ChTnE%2CNONE%2CEMPTY_CONTEXT_ENTITY_URN) - Failed to load resource: the server responded with a status of 500 ()', 'source': 'network', 'timestamp': 1656661311171}
{'level': 'SEVERE', 'message': 'https://www.linkedin.com/voyager/api/voyagerMessagingDashComposeOptions/urn%3Ali%3Afsd_composeOption%3A(ACoAACQX5xMBVHaVA--SbdzaHXT8S0wWqWapkQE%2CNONE%2CEMPTY_CONTEXT_ENTITY_URN) - Failed to load resource: the server responded with a status of 500 ()', 'source': 'network', 'timestamp': 1656661311172}
{'level': 'SEVERE', 'message': 'https://www.linkedin.com/mynetwork/invite-connect/connections/ 0:0 ', 'source': 'javascript', 'timestamp': 1656661311173}
{'level': 'SEVERE', 'message': 'https://www.linkedin.com/mynetwork/invite-connect/connections/ 0:0 ', 'source': 'javascript', 'timestamp': 1656661311175}
{'level': 'SEVERE', 'message': 'https://www.linkedin.com/mynetwork/invite-connect/connections/ 0:0 ', 'source': 'javascript', 'timestamp': 1656661311178}
{'level': 'SEVERE', 'message': 'https://www.linkedin.com/mynetwork/invite-connect/connections/ 0:0 ', 'source': 'javascript', 'timestamp': 1656661311178}
{'level': 'SEVERE', 'message': 'https://www.linkedin.com/mynetwork/invite-connect/connections/ 0:0 ', 'source': 'javascript', 'timestamp': 1656661311180}
{'level': 'SEVERE', 'message': 'https://www.linkedin.com/voyager/api/voyagerMessagingDashComposeOptions/urn%3Ali%3Afsd_composeOption%3A(ACoAAAHmWlABas7jGw0mWAVK8mcxKz1EX5dCSxA%2CNONE%2CEMPTY_CONTEXT_ENTITY_URN) - Failed to load resource: the server responded with a status of 500 ()', 'source': 'network', 'timestamp': 1656661311210}
{'level': 'SEVERE', 'message': 'https://www.linkedin.com/voyager/api/voyagerMessagingDashComposeOptions/urn%3Ali%3Afsd_composeOption%3A(ACoAADF52v8BnNXJTi4cZ1OgvQuwyOdGLO_RK3s%2CNONE%2CEMPTY_CONTEXT_ENTITY_URN) - Failed to load resource: the server responded with a status of 500 ()', 'source': 'network', 'timestamp': 1656661311211}
{'level': 'SEVERE', 'message': 'https://www.linkedin.com/voyager/api/voyagerMessagingDashComposeOptions/urn%3Ali%3Afsd_composeOption%3A(ACoAACt2uigBNgpXhmBP0yDjOuGlf9pBBk3lr6U%2CNONE%2CEMPTY_CONTEXT_ENTITY_URN) - Failed to load resource: the server responded with a status of 500 ()', 'source': 'network', 'timestamp': 1656661311211}
{'level': 'SEVERE', 'message': 'https://www.linkedin.com/voyager/api/voyagerMessagingDashComposeOptions/urn%3Ali%3Afsd_composeOption%3A(ACoAACagvFsBl-khfiXO8CMXGtvTKdqD6UmsW90%2CNONE%2CEMPTY_CONTEXT_ENTITY_URN) - Failed to load resource: the server responded with a status of 500 ()', 'source': 'network', 'timestamp': 1656661311211}
{'level': 'SEVERE', 'message': 'https://www.linkedin.com/voyager/api/voyagerMessagingDashComposeOptions/urn%3Ali%3Afsd_composeOption%3A(ACoAABQFHOEBsaaTnMBqfkUowV41NtF0b5pUNOc%2CNONE%2CEMPTY_CONTEXT_ENTITY_URN) - Failed to load resource: the server responded with a status of 500 ()', 'source': 'network', 'timestamp': 1656661311215}
{'level': 'SEVERE', 'message': 'https://www.linkedin.com/voyager/api/voyagerMessagingDashComposeOptions/urn%3Ali%3Afsd_composeOption%3A(ACoAAA6p0vIBUIdr6y1B12zqZfjKulH0T3zp-3k%2CNONE%2CEMPTY_CONTEXT_ENTITY_URN) - Failed to load resource: the server responded with a status of 500 ()', 'source': 'network', 'timestamp': 1656661311235}
{'level': 'SEVERE', 'message': 'https://www.linkedin.com/voyager/api/voyagerMessagingDashComposeOptions/urn%3Ali%3Afsd_composeOption%3A(ACoAACr2KFQBVBnQ_8B-AUrxxjGhGrfV_rjOJK4%2CNONE%2CEMPTY_CONTEXT_ENTITY_URN) - Failed to load resource: the server responded with a status of 500 ()', 'source': 'network', 'timestamp': 1656661311235}
{'level': 'SEVERE', 'message': 'https://www.linkedin.com/voyager/api/voyagerMessagingDashComposeOptions/urn%3Ali%3Afsd_composeOption%3A(ACoAACOA-xMBa647Lu2cdkq7-g0CgtJ-T3ho-7M%2CNONE%2CEMPTY_CONTEXT_ENTITY_URN) - Failed to load resource: the server responded with a status of 500 ()', 'source': 'network', 'timestamp': 1656661311237}
{'level': 'SEVERE', 'message': 'https://www.linkedin.com/mynetwork/invite-connect/connections/ 0:0 ', 'source': 'javascript', 'timestamp': 1656661311237}
{'level': 'SEVERE', 'message': 'https://www.linkedin.com/mynetwork/invite-connect/connections/ 0:0 ', 'source': 'javascript', 'timestamp': 1656661311237}
{'level': 'SEVERE', 'message': 'https://www.linkedin.com/mynetwork/invite-connect/connections/ 0:0 ', 'source': 'javascript', 'timestamp': 1656661311240}
{'level': 'SEVERE', 'message': 'https://www.linkedin.com/mynetwork/invite-connect/connections/ 0:0 ', 'source': 'javascript', 'timestamp': 1656661311240}
{'level': 'SEVERE', 'message': 'https://www.linkedin.com/voyager/api/voyagerMessagingDashComposeOptions/urn%3Ali%3Afsd_composeOption%3A(ACoAADJCYwwBAVlTialcjtN9RIQjyfulJCyNbOY%2CNONE%2CEMPTY_CONTEXT_ENTITY_URN) - Failed to load resource: the server responded with a status of 500 ()', 'source': 'network', 'timestamp': 1656661311241}
{'level': 'SEVERE', 'message': 'https://www.linkedin.com/voyager/api/voyagerMessagingDashComposeOptions/urn%3Ali%3Afsd_composeOption%3A(ACoAABp36XkBTyrQYdthjaZgTL1bKbepMVuSHrU%2CNONE%2CEMPTY_CONTEXT_ENTITY_URN) - Failed to load resource: the server responded with a status of 500 ()', 'source': 'network', 'timestamp': 1656661311246}
{'level': 'SEVERE', 'message': 'https://www.linkedin.com/mynetwork/invite-connect/connections/ 0:0 ', 'source': 'javascript', 'timestamp': 1656661311246}
{'level': 'SEVERE', 'message': 'https://www.linkedin.com/mynetwork/invite-connect/connections/ 0:0 ', 'source': 'javascript', 'timestamp': 1656661311249}
{'level': 'SEVERE', 'message': 'https://www.linkedin.com/mynetwork/invite-connect/connections/ 0:0 ', 'source': 'javascript', 'timestamp': 1656661311249}
{'level': 'SEVERE', 'message': 'https://www.linkedin.com/mynetwork/invite-connect/connections/ 0:0 ', 'source': 'javascript', 'timestamp': 1656661311249}
{'level': 'SEVERE', 'message': 'https://www.linkedin.com/voyager/api/voyagerMessagingDashComposeOptions/urn%3Ali%3Afsd_composeOption%3A(ACoAABaqk4cBrKkXXUp36NY42_HsgxH0t-svpw0%2CNONE%2CEMPTY_CONTEXT_ENTITY_URN) - Failed to load resource: the server responded with a status of 500 ()', 'source': 'network', 'timestamp': 1656661311250}
{'level': 'SEVERE', 'message': 'https://www.linkedin.com/mynetwork/invite-connect/connections/ 0:0 ', 'source': 'javascript', 'timestamp': 1656661311252}
{'level': 'SEVERE', 'message': 'https://www.linkedin.com/mynetwork/invite-connect/connections/ 0:0 ', 'source': 'javascript', 'timestamp': 1656661311254}
{'level': 'SEVERE', 'message': 'https://www.linkedin.com/mynetwork/invite-connect/connections/ 0:0 ', 'source': 'javascript', 'timestamp': 1656661311255}
{'level': 'SEVERE', 'message': 'https://www.linkedin.com/voyager/api/voyagerMessagingDashComposeOptions/urn%3Ali%3Afsd_composeOption%3A(ACoAACZNc7ABUaHzMp2L95K8ACMR8gq86YkMnTs%2CNONE%2CEMPTY_CONTEXT_ENTITY_URN) - Failed to load resource: the server responded with a status of 500 ()', 'source': 'network', 'timestamp': 1656661311259}
{'level': 'SEVERE', 'message': 'https://www.linkedin.com/mynetwork/invite-connect/connections/ 0:0 ', 'source': 'javascript', 'timestamp': 1656661311262}
{'level': 'SEVERE', 'message': 'https://www.linkedin.com/voyager/api/voyagerMessagingDashComposeOptions/urn%3Ali%3Afsd_composeOption%3A(ACoAABZZt-YBSwiKdbaUXBCMBA4m3m4Gn-vggFg%2CNONE%2CEMPTY_CONTEXT_ENTITY_URN) - Failed to load resource: the server responded with a status of 500 ()', 'source': 'network', 'timestamp': 1656661311264}
{'level': 'SEVERE', 'message': 'https://www.linkedin.com/mynetwork/invite-connect/connections/ 0:0 ', 'source': 'javascript', 'timestamp': 1656661311268}
{'level': 'SEVERE', 'message': 'https://www.linkedin.com/voyager/api/voyagerMessagingDashComposeOptions/urn%3Ali%3Afsd_composeOption%3A(ACoAADHlrkYB0JLT5XYpZOQ_NCdlgEcaVUU-4ek%2CNONE%2CEMPTY_CONTEXT_ENTITY_URN) - Failed to load resource: the server responded with a status of 500 ()', 'source': 'network', 'timestamp': 1656661311269}
{'level': 'SEVERE', 'message': 'https://www.linkedin.com/mynetwork/invite-connect/connections/ 0:0 ', 'source': 'javascript', 'timestamp': 1656661311271}
{'level': 'SEVERE', 'message': 'https://www.linkedin.com/voyager/api/voyagerMessagingDashComposeOptions/urn%3Ali%3Afsd_composeOption%3A(ACoAABmrkfIBHWajcNepgiaINCcOn0I2rMWqClA%2CNONE%2CEMPTY_CONTEXT_ENTITY_URN) - Failed to load resource: the server responded with a status of 500 ()', 'source': 'network', 'timestamp': 1656661311287}
{'level': 'SEVERE', 'message': 'https://www.linkedin.com/voyager/api/voyagerMessagingDashComposeOptions/urn%3Ali%3Afsd_composeOption%3A(ACoAABpL5-sBPQoQCKNLhhuuninu2LbVAbOpyfE%2CNONE%2CEMPTY_CONTEXT_ENTITY_URN) - Failed to load resource: the server responded with a status of 500 ()', 'source': 'network', 'timestamp': 1656661311287}
{'level': 'SEVERE', 'message': 'https://www.linkedin.com/mynetwork/invite-connect/connections/ 0:0 ', 'source': 'javascript', 'timestamp': 1656661311290}
{'level': 'SEVERE', 'message': 'https://www.linkedin.com/voyager/api/voyagerMessagingDashComposeOptions/urn%3Ali%3Afsd_composeOption%3A(ACoAADCutNsBXJpikpPvxUpNkbYUYlP-bKexU2U%2CNONE%2CEMPTY_CONTEXT_ENTITY_URN) - Failed to load resource: the server responded with a status of 500 ()', 'source': 'network', 'timestamp': 1656661311291}
{'level': 'SEVERE', 'message': 'https://www.linkedin.com/voyager/api/voyagerMessagingDashComposeOptions/urn%3Ali%3Afsd_composeOption%3A(ACoAACBDoWYB4PPS6u8fc5-Lwgn_SeGj6PYeEII%2CNONE%2CEMPTY_CONTEXT_ENTITY_URN) - Failed to load resource: the server responded with a status of 500 ()', 'source': 'network', 'timestamp': 1656661311291}
{'level': 'SEVERE', 'message': 'https://www.linkedin.com/mynetwork/invite-connect/connections/ 0:0 ', 'source': 'javascript', 'timestamp': 1656661311292}
{'level': 'SEVERE', 'message': 'https://www.linkedin.com/voyager/api/voyagerMessagingDashComposeOptions/urn%3Ali%3Afsd_composeOption%3A(ACoAAAD5dSkBkY9TiXKbwnxCKV9FA4ks5FkLyIw%2CNONE%2CEMPTY_CONTEXT_ENTITY_URN) - Failed to load resource: the server responded with a status of 500 ()', 'source': 'network', 'timestamp': 1656661311294}
{'level': 'SEVERE', 'message': 'https://www.linkedin.com/mynetwork/invite-connect/connections/ 0:0 ', 'source': 'javascript', 'timestamp': 1656661311295}
{'level': 'SEVERE', 'message': 'https://www.linkedin.com/mynetwork/invite-connect/connections/ 0:0 ', 'source': 'javascript', 'timestamp': 1656661311296}
{'level': 'SEVERE', 'message': 'https://www.linkedin.com/voyager/api/voyagerMessagingDashComposeOptions/urn%3Ali%3Afsd_composeOption%3A(ACoAAB83pQgBcnljNTXloUyVnkgps-muhHtwl8c%2CNONE%2CEMPTY_CONTEXT_ENTITY_URN) - Failed to load resource: the server responded with a status of 500 ()', 'source': 'network', 'timestamp': 1656661311299}
{'level': 'SEVERE', 'message': 'https://www.linkedin.com/mynetwork/invite-connect/connections/ 0:0 ', 'source': 'javascript', 'timestamp': 1656661311299}
{'level': 'SEVERE', 'message': 'https://www.linkedin.com/mynetwork/invite-connect/connections/ 0:0 ', 'source': 'javascript', 'timestamp': 1656661311301}
{'level': 'SEVERE', 'message': 'https://www.linkedin.com/voyager/api/voyagerMessagingDashComposeOptions/urn%3Ali%3Afsd_composeOption%3A(ACoAACGcuuQBZiqns750anTUBbLo9RIjvUZlBAo%2CNONE%2CEMPTY_CONTEXT_ENTITY_URN) - Failed to load resource: the server responded with a status of 500 ()', 'source': 'network', 'timestamp': 1656661311360}
{'level': 'SEVERE', 'message': 'https://www.linkedin.com/mynetwork/invite-connect/connections/ 0:0 ', 'source': 'javascript', 'timestamp': 1656661311362}
{'level': 'SEVERE', 'message': 'https://www.linkedin.com/voyager/api/voyagerMessagingDashComposeOptions/urn%3Ali%3Afsd_composeOption%3A(ACoAABZVOHQBjpNdbqeJOrYsM6HXn4fkO5-lmvY%2CNONE%2CEMPTY_CONTEXT_ENTITY_URN) - Failed to load resource: the server responded with a status of 500 ()', 'source': 'network', 'timestamp': 1656661311633}
{'level': 'SEVERE', 'message': 'https://www.linkedin.com/voyager/api/voyagerMessagingDashComposeOptions/urn%3Ali%3Afsd_composeOption%3A(ACoAACkJnmABxYb5la_8EKzvveMvaTgb05uXo_U%2CNONE%2CEMPTY_CONTEXT_ENTITY_URN) - Failed to load resource: the server responded with a status of 500 ()', 'source': 'network', 'timestamp': 1656661311633}
{'level': 'SEVERE', 'message': 'https://www.linkedin.com/mynetwork/invite-connect/connections/ 0:0 ', 'source': 'javascript', 'timestamp': 1656661311638}
{'level': 'SEVERE', 'message': 'https://www.linkedin.com/mynetwork/invite-connect/connections/ 0:0 ', 'source': 'javascript', 'timestamp': 1656661311641}
{'level': 'SEVERE', 'message': 'https://www.linkedin.com/voyager/api/voyagerMessagingDashComposeOptions/urn%3Ali%3Afsd_composeOption%3A(ACoAABqX3d8BCash_TsoXbopp8wQrj_BHHiv78s%2CNONE%2CEMPTY_CONTEXT_ENTITY_URN) - Failed to load resource: the server responded with a status of 500 ()', 'source': 'network', 'timestamp': 1656661311643}
{'level': 'SEVERE', 'message': 'https://www.linkedin.com/mynetwork/invite-connect/connections/ 0:0 ', 'source': 'javascript', 'timestamp': 1656661311648}
{'level': 'SEVERE', 'message': 'https://www.linkedin.com/voyager/api/voyagerMessagingDashComposeOptions/urn%3Ali%3Afsd_composeOption%3A(ACoAAB-L20wBlrm3KXg08qmUhl3HSv0JL3oaOhM%2CNONE%2CEMPTY_CONTEXT_ENTITY_URN) - Failed to load resource: the server responded with a status of 500 ()', 'source': 'network', 'timestamp': 1656661311706}
{'level': 'SEVERE', 'message': 'https://www.linkedin.com/mynetwork/invite-connect/connections/ 0:0 ', 'source': 'javascript', 'timestamp': 1656661311709}
{'level': 'SEVERE', 'message': 'https://www.linkedin.com/voyager/api/voyagerMessagingDashComposeOptions/urn%3Ali%3Afsd_composeOption%3A(ACoAAC5ucNwB9nmgokgGgJwyxQGd55AZuc3TxSo%2CNONE%2CEMPTY_CONTEXT_ENTITY_URN) - Failed to load resource: the server responded with a status of 500 ()', 'source': 'network', 'timestamp': 1656661311727}
{'level': 'SEVERE', 'message': 'https://www.linkedin.com/mynetwork/invite-connect/connections/ 0:0 ', 'source': 'javascript', 'timestamp': 1656661311729}
{'level': 'SEVERE', 'message': 'https://www.linkedin.com/voyager/api/voyagerMessagingDashComposeOptions/urn%3Ali%3Afsd_composeOption%3A(ACoAABjJiTYBWLVGIhkVlrxLmtbERA12bnYZIQk%2CNONE%2CEMPTY_CONTEXT_ENTITY_URN) - Failed to load resource: the server responded with a status of 500 ()', 'source': 'network', 'timestamp': 1656661315242}
{'level': 'SEVERE', 'message': 'https://www.linkedin.com/voyager/api/voyagerMessagingDashComposeOptions/urn%3Ali%3Afsd_composeOption%3A(ACoAADE8bZcBGZMKcSWXuB0zuyuXF_CEqh6bke4%2CNONE%2CEMPTY_CONTEXT_ENTITY_URN) - Failed to load resource: the server responded with a status of 500 ()', 'source': 'network', 'timestamp': 1656661315251}
{'level': 'SEVERE', 'message': 'https://www.linkedin.com/voyager/api/voyagerMessagingDashComposeOptions/urn%3Ali%3Afsd_composeOption%3A(ACoAAC9PhSYBkiM3rzqoVLmqVhRqq-HOINfFfes%2CNONE%2CEMPTY_CONTEXT_ENTITY_URN) - Failed to load resource: the server responded with a status of 500 ()', 'source': 'network', 'timestamp': 1656661315251}
{'level': 'SEVERE', 'message': 'https://www.linkedin.com/voyager/api/voyagerMessagingDashComposeOptions/urn%3Ali%3Afsd_composeOption%3A(ACoAAC4zbJ0Bo8gD3flGhTE4UTYcMWH7LFRms6E%2CNONE%2CEMPTY_CONTEXT_ENTITY_URN) - Failed to load resource: the server responded with a status of 500 ()', 'source': 'network', 'timestamp': 1656661315251}
{'level': 'SEVERE', 'message': 'https://www.linkedin.com/voyager/api/voyagerMessagingDashComposeOptions/urn%3Ali%3Afsd_composeOption%3A(ACoAACVw4acB-vAZtqYGZExcr5EBObHIgQuc7cQ%2CNONE%2CEMPTY_CONTEXT_ENTITY_URN) - Failed to load resource: the server responded with a status of 500 ()', 'source': 'network', 'timestamp': 1656661315273}
{'level': 'SEVERE', 'message': 'https://www.linkedin.com/voyager/api/voyagerMessagingDashComposeOptions/urn%3Ali%3Afsd_composeOption%3A(ACoAAC3E-NMB81r_JRgg0xyZQh0N_Wz1_PXgUms%2CNONE%2CEMPTY_CONTEXT_ENTITY_URN) - Failed to load resource: the server responded with a status of 500 ()', 'source': 'network', 'timestamp': 1656661315273}
{'level': 'SEVERE', 'message': 'https://www.linkedin.com/mynetwork/invite-connect/connections/ 0:0 ', 'source': 'javascript', 'timestamp': 1656661315273}
{'level': 'SEVERE', 'message': 'https://www.linkedin.com/mynetwork/invite-connect/connections/ 0:0 ', 'source': 'javascript', 'timestamp': 1656661315276}
{'level': 'SEVERE', 'message': 'https://www.linkedin.com/mynetwork/invite-connect/connections/ 0:0 ', 'source': 'javascript', 'timestamp': 1656661315276}
{'level': 'SEVERE', 'message': 'https://www.linkedin.com/mynetwork/invite-connect/connections/ 0:0 ', 'source': 'javascript', 'timestamp': 1656661315278}
{'level': 'SEVERE', 'message': 'https://www.linkedin.com/voyager/api/voyagerMessagingDashComposeOptions/urn%3Ali%3Afsd_composeOption%3A(ACoAABCgqD8BkRLRw955Kn9hb4_KXbOCARewOlQ%2CNONE%2CEMPTY_CONTEXT_ENTITY_URN) - Failed to load resource: the server responded with a status of 500 ()', 'source': 'network', 'timestamp': 1656661315281}
{'level': 'SEVERE', 'message': 'https://www.linkedin.com/mynetwork/invite-connect/connections/ 0:0 ', 'source': 'javascript', 'timestamp': 1656661315281}
{'level': 'SEVERE', 'message': 'https://www.linkedin.com/voyager/api/voyagerMessagingDashComposeOptions/urn%3Ali%3Afsd_composeOption%3A(ACoAAChCLMkBsLvOU2mVN2kFN2d-8AVIk9E_TsM%2CNONE%2CEMPTY_CONTEXT_ENTITY_URN) - Failed to load resource: the server responded with a status of 500 ()', 'source': 'network', 'timestamp': 1656661315281}
{'level': 'SEVERE', 'message': 'https://www.linkedin.com/voyager/api/voyagerMessagingDashComposeOptions/urn%3Ali%3Afsd_composeOption%3A(ACoAACg1sSsBuQbX5trn5cVGFdjqPIIpbJ1C8g8%2CNONE%2CEMPTY_CONTEXT_ENTITY_URN) - Failed to load resource: the server responded with a status of 500 ()', 'source': 'network', 'timestamp': 1656661315281}
{'level': 'SEVERE', 'message': 'https://www.linkedin.com/voyager/api/voyagerMessagingDashComposeOptions/urn%3Ali%3Afsd_composeOption%3A(ACoAACVfjwMBvBzoq9HXcLAarUBp-i4q0pj-tlA%2CNONE%2CEMPTY_CONTEXT_ENTITY_URN) - Failed to load resource: the server responded with a status of 500 ()', 'source': 'network', 'timestamp': 1656661315282}
{'level': 'SEVERE', 'message': 'https://www.linkedin.com/mynetwork/invite-connect/connections/ 0:0 ', 'source': 'javascript', 'timestamp': 1656661315282}
{'level': 'SEVERE', 'message': 'https://www.linkedin.com/voyager/api/voyagerMessagingDashComposeOptions/urn%3Ali%3Afsd_composeOption%3A(ACoAABG3FuoBVh_XW1FAmJZ_hzdRjfCsIY3-d_I%2CNONE%2CEMPTY_CONTEXT_ENTITY_URN) - Failed to load resource: the server responded with a status of 500 ()', 'source': 'network', 'timestamp': 1656661315283}
{'level': 'SEVERE', 'message': 'https://www.linkedin.com/mynetwork/invite-connect/connections/ 0:0 ', 'source': 'javascript', 'timestamp': 1656661315288}
{'level': 'SEVERE', 'message': 'https://www.linkedin.com/mynetwork/invite-connect/connections/ 0:0 ', 'source': 'javascript', 'timestamp': 1656661315288}
{'level': 'SEVERE', 'message': 'https://www.linkedin.com/mynetwork/invite-connect/connections/ 0:0 ', 'source': 'javascript', 'timestamp': 1656661315289}
{'level': 'SEVERE', 'message': 'https://www.linkedin.com/mynetwork/invite-connect/connections/ 0:0 ', 'source': 'javascript', 'timestamp': 1656661315291}
{'level': 'SEVERE', 'message': 'https://www.linkedin.com/voyager/api/voyagerMessagingDashComposeOptions/urn%3Ali%3Afsd_composeOption%3A(ACoAACEL0YABhrOsyqxVq7Jlb7ssUz6FZ9hD5gE%2CNONE%2CEMPTY_CONTEXT_ENTITY_URN) - Failed to load resource: the server responded with a status of 500 ()', 'source': 'network', 'timestamp': 1656661315291}
{'level': 'SEVERE', 'message': 'https://www.linkedin.com/mynetwork/invite-connect/connections/ 0:0 ', 'source': 'javascript', 'timestamp': 1656661315291}
{'level': 'SEVERE', 'message': 'https://www.linkedin.com/mynetwork/invite-connect/connections/ 0:0 ', 'source': 'javascript', 'timestamp': 1656661315293}
{'level': 'SEVERE', 'message': 'https://www.linkedin.com/voyager/api/voyagerMessagingDashComposeOptions/urn%3Ali%3Afsd_composeOption%3A(ACoAACdr2rwBaBcM3Z7pyxlmafmCjavGxRa_hpA%2CNONE%2CEMPTY_CONTEXT_ENTITY_URN) - Failed to load resource: the server responded with a status of 500 ()', 'source': 'network', 'timestamp': 1656661315295}
{'level': 'SEVERE', 'message': 'https://www.linkedin.com/mynetwork/invite-connect/connections/ 0:0 ', 'source': 'javascript', 'timestamp': 1656661315299}
{'level': 'SEVERE', 'message': 'https://www.linkedin.com/voyager/api/voyagerMessagingDashComposeOptions/urn%3Ali%3Afsd_composeOption%3A(ACoAACe0WdQBmFxf3Vq5gbEOISv_dSBdmuQV7OY%2CNONE%2CEMPTY_CONTEXT_ENTITY_URN) - Failed to load resource: the server responded with a status of 500 ()', 'source': 'network', 'timestamp': 1656661315301}
{'level': 'SEVERE', 'message': 'https://www.linkedin.com/mynetwork/invite-connect/connections/ 0:0 ', 'source': 'javascript', 'timestamp': 1656661315303}
{'level': 'SEVERE', 'message': 'https://www.linkedin.com/voyager/api/voyagerMessagingDashComposeOptions/urn%3Ali%3Afsd_composeOption%3A(ACoAABHpQdUB9yBgSujfuXGLIk9oFXqkGR6vpIE%2CNONE%2CEMPTY_CONTEXT_ENTITY_URN) - Failed to load resource: the server responded with a status of 500 ()', 'source': 'network', 'timestamp': 1656661315310}
{'level': 'SEVERE', 'message': 'https://www.linkedin.com/voyager/api/voyagerMessagingDashComposeOptions/urn%3Ali%3Afsd_composeOption%3A(ACoAACnWtdABG1Lmzn7jVIJwEL1_tvtuhuU5AxY%2CNONE%2CEMPTY_CONTEXT_ENTITY_URN) - Failed to load resource: the server responded with a status of 500 ()', 'source': 'network', 'timestamp': 1656661315311}
{'level': 'SEVERE', 'message': 'https://www.linkedin.com/mynetwork/invite-connect/connections/ 0:0 ', 'source': 'javascript', 'timestamp': 1656661315313}
{'level': 'SEVERE', 'message': 'https://www.linkedin.com/voyager/api/voyagerMessagingDashComposeOptions/urn%3Ali%3Afsd_composeOption%3A(ACoAABAcYzkBIpMHwb8Vy765VWi24mCSKSFgids%2CNONE%2CEMPTY_CONTEXT_ENTITY_URN) - Failed to load resource: the server responded with a status of 500 ()', 'source': 'network', 'timestamp': 1656661315315}
{'level': 'SEVERE', 'message': 'https://www.linkedin.com/mynetwork/invite-connect/connections/ 0:0 ', 'source': 'javascript', 'timestamp': 1656661315315}
{'level': 'SEVERE', 'message': 'https://www.linkedin.com/mynetwork/invite-connect/connections/ 0:0 ', 'source': 'javascript', 'timestamp': 1656661315317}
{'level': 'SEVERE', 'message': 'https://www.linkedin.com/voyager/api/voyagerMessagingDashComposeOptions/urn%3Ali%3Afsd_composeOption%3A(ACoAACwPIXgBLOy7xLp2KLvxFyU9wo67jbUY4k0%2CNONE%2CEMPTY_CONTEXT_ENTITY_URN) - Failed to load resource: the server responded with a status of 500 ()', 'source': 'network', 'timestamp': 1656661315319}
{'level': 'SEVERE', 'message': 'https://www.linkedin.com/voyager/api/voyagerMessagingDashComposeOptions/urn%3Ali%3Afsd_composeOption%3A(ACoAAC5MJNEBVoYGjj4CFYGlg5t5EnntwTgUL3g%2CNONE%2CEMPTY_CONTEXT_ENTITY_URN) - Failed to load resource: the server responded with a status of 500 ()', 'source': 'network', 'timestamp': 1656661315319}
{'level': 'SEVERE', 'message': 'https://www.linkedin.com/mynetwork/invite-connect/connections/ 0:0 ', 'source': 'javascript', 'timestamp': 1656661315321}
{'level': 'SEVERE', 'message': 'https://www.linkedin.com/mynetwork/invite-connect/connections/ 0:0 ', 'source': 'javascript', 'timestamp': 1656661315323}
{'level': 'SEVERE', 'message': 'https://www.linkedin.com/voyager/api/voyagerMessagingDashComposeOptions/urn%3Ali%3Afsd_composeOption%3A(ACoAABiED0ABEhbuZzcMnfcRqwqbsjafpQ2qz_8%2CNONE%2CEMPTY_CONTEXT_ENTITY_URN) - Failed to load resource: the server responded with a status of 500 ()', 'source': 'network', 'timestamp': 1656661315323}
{'level': 'SEVERE', 'message': 'https://www.linkedin.com/voyager/api/voyagerMessagingDashComposeOptions/urn%3Ali%3Afsd_composeOption%3A(ACoAAC1M5KgBlF2S2PjZ3XysZrvct3cc0_jvX6k%2CNONE%2CEMPTY_CONTEXT_ENTITY_URN) - Failed to load resource: the server responded with a status of 500 ()', 'source': 'network', 'timestamp': 1656661315323}
{'level': 'SEVERE', 'message': 'https://www.linkedin.com/mynetwork/invite-connect/connections/ 0:0 ', 'source': 'javascript', 'timestamp': 1656661315326}
{'level': 'SEVERE', 'message': 'https://www.linkedin.com/mynetwork/invite-connect/connections/ 0:0 ', 'source': 'javascript', 'timestamp': 1656661315327}
{'level': 'SEVERE', 'message': 'https://www.linkedin.com/voyager/api/voyagerMessagingDashComposeOptions/urn%3Ali%3Afsd_composeOption%3A(ACoAAA-8QFsBEBSdY15--U3KY5pSs2XzC6YDyvU%2CNONE%2CEMPTY_CONTEXT_ENTITY_URN) - Failed to load resource: the server responded with a status of 500 ()', 'source': 'network', 'timestamp': 1656661315329}
{'level': 'SEVERE', 'message': 'https://www.linkedin.com/mynetwork/invite-connect/connections/ 0:0 ', 'source': 'javascript', 'timestamp': 1656661315333}
{'level': 'SEVERE', 'message': 'https://www.linkedin.com/voyager/api/voyagerMessagingDashComposeOptions/urn%3Ali%3Afsd_composeOption%3A(ACoAADHI1EEBpdbOtHr7Guu8sqKZBSI2fSqX4VA%2CNONE%2CEMPTY_CONTEXT_ENTITY_URN) - Failed to load resource: the server responded with a status of 500 ()', 'source': 'network', 'timestamp': 1656661315333}
{'level': 'SEVERE', 'message': 'https://www.linkedin.com/mynetwork/invite-connect/connections/ 0:0 ', 'source': 'javascript', 'timestamp': 1656661315336}
{'level': 'SEVERE', 'message': 'https://www.linkedin.com/voyager/api/voyagerMessagingDashComposeOptions/urn%3Ali%3Afsd_composeOption%3A(ACoAACNSIa0BA0w0gz_9nVliK6_vqCbCSgakO4E%2CNONE%2CEMPTY_CONTEXT_ENTITY_URN) - Failed to load resource: the server responded with a status of 500 ()', 'source': 'network', 'timestamp': 1656661315340}
{'level': 'SEVERE', 'message': 'https://www.linkedin.com/mynetwork/invite-connect/connections/ 0:0 ', 'source': 'javascript', 'timestamp': 1656661315343}
{'level': 'SEVERE', 'message': 'https://www.linkedin.com/voyager/api/voyagerMessagingDashComposeOptions/urn%3Ali%3Afsd_composeOption%3A(ACoAABKrSTIBB-m3MPPfvUdafWyHgjLggfCuVTU%2CNONE%2CEMPTY_CONTEXT_ENTITY_URN) - Failed to load resource: the server responded with a status of 500 ()', 'source': 'network', 'timestamp': 1656661315349}
{'level': 'SEVERE', 'message': 'https://www.linkedin.com/voyager/api/voyagerMessagingDashComposeOptions/urn%3Ali%3Afsd_composeOption%3A(ACoAABBbjRUB79ewLDgGAfMLffjbakrIpCfWlxs%2CNONE%2CEMPTY_CONTEXT_ENTITY_URN) - Failed to load resource: the server responded with a status of 500 ()', 'source': 'network', 'timestamp': 1656661315350}
{'level': 'SEVERE', 'message': 'https://www.linkedin.com/voyager/api/voyagerMessagingDashComposeOptions/urn%3Ali%3Afsd_composeOption%3A(ACoAAAjvQ3wB4Ek2Phhm_lq3jpRANI85Gq0MAB8%2CNONE%2CEMPTY_CONTEXT_ENTITY_URN) - Failed to load resource: the server responded with a status of 500 ()', 'source': 'network', 'timestamp': 1656661315350}
{'level': 'SEVERE', 'message': 'https://www.linkedin.com/mynetwork/invite-connect/connections/ 0:0 ', 'source': 'javascript', 'timestamp': 1656661315354}
{'level': 'SEVERE', 'message': 'https://www.linkedin.com/mynetwork/invite-connect/connections/ 0:0 ', 'source': 'javascript', 'timestamp': 1656661315354}
{'level': 'SEVERE', 'message': 'https://www.linkedin.com/voyager/api/voyagerMessagingDashComposeOptions/urn%3Ali%3Afsd_composeOption%3A(ACoAABmmTMcBW5QjD1WM3JlC48DWsw7BBDBkGms%2CNONE%2CEMPTY_CONTEXT_ENTITY_URN) - Failed to load resource: the server responded with a status of 500 ()', 'source': 'network', 'timestamp': 1656661315355}
{'level': 'SEVERE', 'message': 'https://www.linkedin.com/mynetwork/invite-connect/connections/ 0:0 ', 'source': 'javascript', 'timestamp': 1656661315386}
{'level': 'SEVERE', 'message': 'https://www.linkedin.com/voyager/api/voyagerMessagingDashComposeOptions/urn%3Ali%3Afsd_composeOption%3A(ACoAACk1-bgB-TTdQvoQeLwhplcFVOBGRJgOAso%2CNONE%2CEMPTY_CONTEXT_ENTITY_URN) - Failed to load resource: the server responded with a status of 500 ()', 'source': 'network', 'timestamp': 1656661315386}
{'level': 'SEVERE', 'message': 'https://www.linkedin.com/mynetwork/invite-connect/connections/ 0:0 ', 'source': 'javascript', 'timestamp': 1656661315386}
{'level': 'SEVERE', 'message': 'https://www.linkedin.com/mynetwork/invite-connect/connections/ 0:0 ', 'source': 'javascript', 'timestamp': 1656661315386}
{'level': 'SEVERE', 'message': 'https://www.linkedin.com/voyager/api/voyagerMessagingDashComposeOptions/urn%3Ali%3Afsd_composeOption%3A(ACoAACVqcMYBGDbsb0YgHd1cb3GuVjyZOTty-gc%2CNONE%2CEMPTY_CONTEXT_ENTITY_URN) - Failed to load resource: the server responded with a status of 500 ()', 'source': 'network', 'timestamp': 1656661315386}
{'level': 'SEVERE', 'message': 'https://www.linkedin.com/voyager/api/voyagerMessagingDashComposeOptions/urn%3Ali%3Afsd_composeOption%3A(ACoAABcYTUoBEqsqaoP8ZJcvyZ8L372RcWISqUc%2CNONE%2CEMPTY_CONTEXT_ENTITY_URN) - Failed to load resource: the server responded with a status of 500 ()', 'source': 'network', 'timestamp': 1656661315386}
{'level': 'SEVERE', 'message': 'https://www.linkedin.com/mynetwork/invite-connect/connections/ 0:0 ', 'source': 'javascript', 'timestamp': 1656661315386}
{'level': 'SEVERE', 'message': 'https://www.linkedin.com/voyager/api/voyagerMessagingDashComposeOptions/urn%3Ali%3Afsd_composeOption%3A(ACoAAC60YNwBxbKti4crViIyyPWwkcPDa-Xrp1k%2CNONE%2CEMPTY_CONTEXT_ENTITY_URN) - Failed to load resource: the server responded with a status of 500 ()', 'source': 'network', 'timestamp': 1656661315386}
{'level': 'SEVERE', 'message': 'https://www.linkedin.com/voyager/api/voyagerMessagingDashComposeOptions/urn%3Ali%3Afsd_composeOption%3A(ACoAACXYmJ4BNhBAfIPUCZDzxtjfjfAvfIRz4as%2CNONE%2CEMPTY_CONTEXT_ENTITY_URN) - Failed to load resource: the server responded with a status of 500 ()', 'source': 'network', 'timestamp': 1656661315386}
{'level': 'SEVERE', 'message': 'https://www.linkedin.com/voyager/api/voyagerMessagingDashComposeOptions/urn%3Ali%3Afsd_composeOption%3A(ACoAABggb4IBPYKY2_nJyV0vJY2rwEHw2vDTYDU%2CNONE%2CEMPTY_CONTEXT_ENTITY_URN) - Failed to load resource: the server responded with a status of 500 ()', 'source': 'network', 'timestamp': 1656661315390}
{'level': 'SEVERE', 'message': 'https://www.linkedin.com/mynetwork/invite-connect/connections/ 0:0 ', 'source': 'javascript', 'timestamp': 1656661315395}
{'level': 'SEVERE', 'message': 'https://www.linkedin.com/voyager/api/voyagerMessagingDashComposeOptions/urn%3Ali%3Afsd_composeOption%3A(ACoAABABukYBZNZ5nJHJ9YDSDt5bB-YZN4Fep5I%2CNONE%2CEMPTY_CONTEXT_ENTITY_URN) - Failed to load resource: the server responded with a status of 500 ()', 'source': 'network', 'timestamp': 1656661315396}
{'level': 'SEVERE', 'message': 'https://www.linkedin.com/mynetwork/invite-connect/connections/ 0:0 ', 'source': 'javascript', 'timestamp': 1656661315399}
{'level': 'SEVERE', 'message': 'https://www.linkedin.com/voyager/api/voyagerMessagingDashComposeOptions/urn%3Ali%3Afsd_composeOption%3A(ACoAACbe0v4BulzXb05R4mwgFJswDhLJk4fCcw0%2CNONE%2CEMPTY_CONTEXT_ENTITY_URN) - Failed to load resource: the server responded with a status of 500 ()', 'source': 'network', 'timestamp': 1656661315399}
{'level': 'SEVERE', 'message': 'https://www.linkedin.com/mynetwork/invite-connect/connections/ 0:0 ', 'source': 'javascript', 'timestamp': 1656661315400}
{'level': 'SEVERE', 'message': 'https://www.linkedin.com/mynetwork/invite-connect/connections/ 0:0 ', 'source': 'javascript', 'timestamp': 1656661315403}
{'level': 'SEVERE', 'message': 'https://www.linkedin.com/mynetwork/invite-connect/connections/ 0:0 ', 'source': 'javascript', 'timestamp': 1656661315411}
{'level': 'SEVERE', 'message': 'https://www.linkedin.com/mynetwork/invite-connect/connections/ 0:0 ', 'source': 'javascript', 'timestamp': 1656661315411}
{'level': 'SEVERE', 'message': 'https://www.linkedin.com/voyager/api/voyagerMessagingDashComposeOptions/urn%3Ali%3Afsd_composeOption%3A(ACoAACixqfwBIkgU-Tap39HURAFjl2f8Ibl68d8%2CNONE%2CEMPTY_CONTEXT_ENTITY_URN) - Failed to load resource: the server responded with a status of 500 ()', 'source': 'network', 'timestamp': 1656661315446}
{'level': 'SEVERE', 'message': 'https://www.linkedin.com/mynetwork/invite-connect/connections/ 0:0 ', 'source': 'javascript', 'timestamp': 1656661315451}
{'level': 'SEVERE', 'message': 'https://www.linkedin.com/voyager/api/voyagerMessagingDashComposeOptions/urn%3Ali%3Afsd_composeOption%3A(ACoAACk94MsB_U_WIEa6mbQTVR6DOnU7Npp69l0%2CNONE%2CEMPTY_CONTEXT_ENTITY_URN) - Failed to load resource: the server responded with a status of 500 ()', 'source': 'network', 'timestamp': 1656661315462}
{'level': 'SEVERE', 'message': 'https://www.linkedin.com/mynetwork/invite-connect/connections/ 0:0 ', 'source': 'javascript', 'timestamp': 1656661315465}
{'level': 'SEVERE', 'message': 'https://www.linkedin.com/voyager/api/voyagerMessagingDashComposeOptions/urn%3Ali%3Afsd_composeOption%3A(ACoAACY3FIwBzcQ67NGwQfVoRJLr0w9jG5SxFFA%2CNONE%2CEMPTY_CONTEXT_ENTITY_URN) - Failed to load resource: the server responded with a status of 500 ()', 'source': 'network', 'timestamp': 1656661319261}
{'level': 'SEVERE', 'message': 'https://www.linkedin.com/voyager/api/voyagerMessagingDashComposeOptions/urn%3Ali%3Afsd_composeOption%3A(ACoAACzmlMYBVTBsjizriXy3Ys7paYTPThaQvdE%2CNONE%2CEMPTY_CONTEXT_ENTITY_URN) - Failed to load resource: the server responded with a status of 500 ()', 'source': 'network', 'timestamp': 1656661319303}
{'level': 'SEVERE', 'message': 'https://www.linkedin.com/voyager/api/voyagerMessagingDashComposeOptions/urn%3Ali%3Afsd_composeOption%3A(ACoAACDrDfQBY6LeOiUy2N9IWXUMcHDDhjISMqI%2CNONE%2CEMPTY_CONTEXT_ENTITY_URN) - Failed to load resource: the server responded with a status of 500 ()', 'source': 'network', 'timestamp': 1656661319304}
{'level': 'SEVERE', 'message': 'https://www.linkedin.com/voyager/api/voyagerMessagingDashComposeOptions/urn%3Ali%3Afsd_composeOption%3A(ACoAADAh_SwBBpjKJ1bMcb5J160oWawmYbNPVZ4%2CNONE%2CEMPTY_CONTEXT_ENTITY_URN) - Failed to load resource: the server responded with a status of 500 ()', 'source': 'network', 'timestamp': 1656661319304}
{'level': 'SEVERE', 'message': 'https://www.linkedin.com/mynetwork/invite-connect/connections/ 0:0 ', 'source': 'javascript', 'timestamp': 1656661319304}
{'level': 'SEVERE', 'message': 'https://www.linkedin.com/voyager/api/voyagerMessagingDashComposeOptions/urn%3Ali%3Afsd_composeOption%3A(ACoAADBCM1YBxSVM3iiARS3mYMynBw06xBmmc2c%2CNONE%2CEMPTY_CONTEXT_ENTITY_URN) - Failed to load resource: the server responded with a status of 500 ()', 'source': 'network', 'timestamp': 1656661319308}
{'level': 'SEVERE', 'message': 'https://www.linkedin.com/voyager/api/voyagerMessagingDashComposeOptions/urn%3Ali%3Afsd_composeOption%3A(ACoAABm7SX8B1MgHADQVZ_pKX7wu1rJqaES76I8%2CNONE%2CEMPTY_CONTEXT_ENTITY_URN) - Failed to load resource: the server responded with a status of 500 ()', 'source': 'network', 'timestamp': 1656661319308}
{'level': 'SEVERE', 'message': 'https://www.linkedin.com/voyager/api/voyagerMessagingDashComposeOptions/urn%3Ali%3Afsd_composeOption%3A(ACoAAC2n2G4BVx49bE5wK_zktOqLI6D58P0exnM%2CNONE%2CEMPTY_CONTEXT_ENTITY_URN) - Failed to load resource: the server responded with a status of 500 ()', 'source': 'network', 'timestamp': 1656661319308}
{'level': 'SEVERE', 'message': 'https://www.linkedin.com/voyager/api/voyagerMessagingDashComposeOptions/urn%3Ali%3Afsd_composeOption%3A(ACoAACXKf9EBJRLkrJdY1WwcLjME2tfSKkq86vU%2CNONE%2CEMPTY_CONTEXT_ENTITY_URN) - Failed to load resource: the server responded with a status of 500 ()', 'source': 'network', 'timestamp': 1656661319309}
{'level': 'SEVERE', 'message': 'https://www.linkedin.com/voyager/api/voyagerMessagingDashComposeOptions/urn%3Ali%3Afsd_composeOption%3A(ACoAACf_clABJNaxVEduTpqIqcNt6KvY9PI5uW0%2CNONE%2CEMPTY_CONTEXT_ENTITY_URN) - Failed to load resource: the server responded with a status of 500 ()', 'source': 'network', 'timestamp': 1656661319309}
{'level': 'SEVERE', 'message': 'https://www.linkedin.com/voyager/api/voyagerMessagingDashComposeOptions/urn%3Ali%3Afsd_composeOption%3A(ACoAADBPMa4BGoO3Ll_XeXdVsDjWJsBufu5nAu0%2CNONE%2CEMPTY_CONTEXT_ENTITY_URN) - Failed to load resource: the server responded with a status of 500 ()', 'source': 'network', 'timestamp': 1656661319309}
{'level': 'SEVERE', 'message': 'https://www.linkedin.com/voyager/api/voyagerMessagingDashComposeOptions/urn%3Ali%3Afsd_composeOption%3A(ACoAACpx9QsBrxwm3uxpEvEXZxjPwYjJi-EKSLo%2CNONE%2CEMPTY_CONTEXT_ENTITY_URN) - Failed to load resource: the server responded with a status of 500 ()', 'source': 'network', 'timestamp': 1656661319312}
{'level': 'SEVERE', 'message': 'https://www.linkedin.com/voyager/api/voyagerMessagingDashComposeOptions/urn%3Ali%3Afsd_composeOption%3A(ACoAACuKIDABG4FC9W3nHN-87cgkS3mYB8lajXQ%2CNONE%2CEMPTY_CONTEXT_ENTITY_URN) - Failed to load resource: the server responded with a status of 500 ()', 'source': 'network', 'timestamp': 1656661319312}
{'level': 'SEVERE', 'message': 'https://www.linkedin.com/mynetwork/invite-connect/connections/ 0:0 ', 'source': 'javascript', 'timestamp': 1656661319323}
{'level': 'SEVERE', 'message': 'https://www.linkedin.com/mynetwork/invite-connect/connections/ 0:0 ', 'source': 'javascript', 'timestamp': 1656661319323}
{'level': 'SEVERE', 'message': 'https://www.linkedin.com/mynetwork/invite-connect/connections/ 0:0 ', 'source': 'javascript', 'timestamp': 1656661319323}
{'level': 'SEVERE', 'message': 'https://www.linkedin.com/mynetwork/invite-connect/connections/ 0:0 ', 'source': 'javascript', 'timestamp': 1656661319324}
{'level': 'SEVERE', 'message': 'https://www.linkedin.com/mynetwork/invite-connect/connections/ 0:0 ', 'source': 'javascript', 'timestamp': 1656661319324}
{'level': 'SEVERE', 'message': 'https://www.linkedin.com/mynetwork/invite-connect/connections/ 0:0 ', 'source': 'javascript', 'timestamp': 1656661319325}
{'level': 'SEVERE', 'message': 'https://www.linkedin.com/mynetwork/invite-connect/connections/ 0:0 ', 'source': 'javascript', 'timestamp': 1656661319325}
{'level': 'SEVERE', 'message': 'https://www.linkedin.com/mynetwork/invite-connect/connections/ 0:0 ', 'source': 'javascript', 'timestamp': 1656661319326}
{'level': 'SEVERE', 'message': 'https://www.linkedin.com/voyager/api/voyagerMessagingDashComposeOptions/urn%3Ali%3Afsd_composeOption%3A(ACoAACe5J0QBeV4xNFHnFCwyJIivuVR_xBg7Ar0%2CNONE%2CEMPTY_CONTEXT_ENTITY_URN) - Failed to load resource: the server responded with a status of 500 ()', 'source': 'network', 'timestamp': 1656661319326}
{'level': 'SEVERE', 'message': 'https://www.linkedin.com/mynetwork/invite-connect/connections/ 0:0 ', 'source': 'javascript', 'timestamp': 1656661319326}
{'level': 'SEVERE', 'message': 'https://www.linkedin.com/mynetwork/invite-connect/connections/ 0:0 ', 'source': 'javascript', 'timestamp': 1656661319329}
{'level': 'SEVERE', 'message': 'https://www.linkedin.com/mynetwork/invite-connect/connections/ 0:0 ', 'source': 'javascript', 'timestamp': 1656661319329}
{'level': 'SEVERE', 'message': 'https://www.linkedin.com/mynetwork/invite-connect/connections/ 0:0 ', 'source': 'javascript', 'timestamp': 1656661319330}
{'level': 'SEVERE', 'message': 'https://www.linkedin.com/voyager/api/voyagerMessagingDashComposeOptions/urn%3Ali%3Afsd_composeOption%3A(ACoAABj7RSEBCH1DCmEFX8gBrj9ljXgYmXbo7xU%2CNONE%2CEMPTY_CONTEXT_ENTITY_URN) - Failed to load resource: the server responded with a status of 500 ()', 'source': 'network', 'timestamp': 1656661319363}
{'level': 'SEVERE', 'message': 'https://www.linkedin.com/mynetwork/invite-connect/connections/ 0:0 ', 'source': 'javascript', 'timestamp': 1656661319365}
{'level': 'SEVERE', 'message': 'https://www.linkedin.com/voyager/api/voyagerMessagingDashComposeOptions/urn%3Ali%3Afsd_composeOption%3A(ACoAAC5lEFABOfvQx5SZYlOh7hGitBnhX_SG0EM%2CNONE%2CEMPTY_CONTEXT_ENTITY_URN) - Failed to load resource: the server responded with a status of 500 ()', 'source': 'network', 'timestamp': 1656661319369}
{'level': 'SEVERE', 'message': 'https://www.linkedin.com/voyager/api/voyagerMessagingDashComposeOptions/urn%3Ali%3Afsd_composeOption%3A(ACoAAC4fxjYB94iVRjf7RNXx7Q8SYv33kyv0wP8%2CNONE%2CEMPTY_CONTEXT_ENTITY_URN) - Failed to load resource: the server responded with a status of 500 ()', 'source': 'network', 'timestamp': 1656661319371}
{'level': 'SEVERE', 'message': 'https://www.linkedin.com/voyager/api/voyagerMessagingDashComposeOptions/urn%3Ali%3Afsd_composeOption%3A(ACoAABGkknABzy8XkCjyxFYrjj7Xixf9Rrja_8Y%2CNONE%2CEMPTY_CONTEXT_ENTITY_URN) - Failed to load resource: the server responded with a status of 500 ()', 'source': 'network', 'timestamp': 1656661319372}
{'level': 'SEVERE', 'message': 'https://www.linkedin.com/voyager/api/voyagerMessagingDashComposeOptions/urn%3Ali%3Afsd_composeOption%3A(ACoAADAM5h8BFYf7yPnv87C4bliJX-noMvLHiLE%2CNONE%2CEMPTY_CONTEXT_ENTITY_URN) - Failed to load resource: the server responded with a status of 500 ()', 'source': 'network', 'timestamp': 1656661319372}
{'level': 'SEVERE', 'message': 'https://www.linkedin.com/voyager/api/voyagerMessagingDashComposeOptions/urn%3Ali%3Afsd_composeOption%3A(ACoAABrevSsBkP7cKsMgDzVrZuOrm0G4z3-Cadc%2CNONE%2CEMPTY_CONTEXT_ENTITY_URN) - Failed to load resource: the server responded with a status of 500 ()', 'source': 'network', 'timestamp': 1656661319373}
{'level': 'SEVERE', 'message': 'https://www.linkedin.com/voyager/api/voyagerMessagingDashComposeOptions/urn%3Ali%3Afsd_composeOption%3A(ACoAACfzV2IBhH4GbwrLY6D61fJddnBGYHgHQg8%2CNONE%2CEMPTY_CONTEXT_ENTITY_URN) - Failed to load resource: the server responded with a status of 500 ()', 'source': 'network', 'timestamp': 1656661319373}
{'level': 'SEVERE', 'message': 'https://www.linkedin.com/voyager/api/voyagerMessagingDashComposeOptions/urn%3Ali%3Afsd_composeOption%3A(ACoAAC0-Ss0BvwRF0oqy0cr47FtNed_Pvmz0tMA%2CNONE%2CEMPTY_CONTEXT_ENTITY_URN) - Failed to load resource: the server responded with a status of 500 ()', 'source': 'network', 'timestamp': 1656661319373}
{'level': 'SEVERE', 'message': 'https://www.linkedin.com/voyager/api/voyagerMessagingDashComposeOptions/urn%3Ali%3Afsd_composeOption%3A(ACoAADE7kjIBD8Sr9-UWBdLavfSzhRdSS1xV1RU%2CNONE%2CEMPTY_CONTEXT_ENTITY_URN) - Failed to load resource: the server responded with a status of 500 ()', 'source': 'network', 'timestamp': 1656661319395}
{'level': 'SEVERE', 'message': 'https://www.linkedin.com/voyager/api/voyagerMessagingDashComposeOptions/urn%3Ali%3Afsd_composeOption%3A(ACoAABQvHG4BE2bn3SB033b-mKb2dvqK8_8Q2Ns%2CNONE%2CEMPTY_CONTEXT_ENTITY_URN) - Failed to load resource: the server responded with a status of 500 ()', 'source': 'network', 'timestamp': 1656661319395}
{'level': 'SEVERE', 'message': 'https://www.linkedin.com/voyager/api/voyagerMessagingDashComposeOptions/urn%3Ali%3Afsd_composeOption%3A(ACoAAB3FDaAB3x7TsM5n4EbP94ffIH4G2Ki-gIw%2CNONE%2CEMPTY_CONTEXT_ENTITY_URN) - Failed to load resource: the server responded with a status of 500 ()', 'source': 'network', 'timestamp': 1656661319396}
{'level': 'SEVERE', 'message': 'https://www.linkedin.com/voyager/api/voyagerMessagingDashComposeOptions/urn%3Ali%3Afsd_composeOption%3A(ACoAAB_hbIIBzMwx1wASvXnK7v6MBHIK_z739KU%2CNONE%2CEMPTY_CONTEXT_ENTITY_URN) - Failed to load resource: the server responded with a status of 500 ()', 'source': 'network', 'timestamp': 1656661319396}
{'level': 'SEVERE', 'message': 'https://www.linkedin.com/voyager/api/voyagerMessagingDashComposeOptions/urn%3Ali%3Afsd_composeOption%3A(ACoAACa5Wc0BnmfM0gx_GmJ7ckLfndg-R1jxhs0%2CNONE%2CEMPTY_CONTEXT_ENTITY_URN) - Failed to load resource: the server responded with a status of 500 ()', 'source': 'network', 'timestamp': 1656661319396}
{'level': 'SEVERE', 'message': 'https://www.linkedin.com/voyager/api/voyagerMessagingDashComposeOptions/urn%3Ali%3Afsd_composeOption%3A(ACoAABK8TiUBGHqJjDvqF1JWuQweuXnx1g0wlJM%2CNONE%2CEMPTY_CONTEXT_ENTITY_URN) - Failed to load resource: the server responded with a status of 500 ()', 'source': 'network', 'timestamp': 1656661319397}
{'level': 'SEVERE', 'message': 'https://www.linkedin.com/voyager/api/voyagerMessagingDashComposeOptions/urn%3Ali%3Afsd_composeOption%3A(ACoAACN-SBcBezGunn6qyUsqesP8dczYKjgQPHk%2CNONE%2CEMPTY_CONTEXT_ENTITY_URN) - Failed to load resource: the server responded with a status of 500 ()', 'source': 'network', 'timestamp': 1656661319397}
{'level': 'SEVERE', 'message': 'https://www.linkedin.com/mynetwork/invite-connect/connections/ 0:0 ', 'source': 'javascript', 'timestamp': 1656661319402}
{'level': 'SEVERE', 'message': 'https://www.linkedin.com/mynetwork/invite-connect/connections/ 0:0 ', 'source': 'javascript', 'timestamp': 1656661319405}
{'level': 'SEVERE', 'message': 'https://www.linkedin.com/mynetwork/invite-connect/connections/ 0:0 ', 'source': 'javascript', 'timestamp': 1656661319424}
{'level': 'SEVERE', 'message': 'https://www.linkedin.com/voyager/api/voyagerMessagingDashComposeOptions/urn%3Ali%3Afsd_composeOption%3A(ACoAACthPx4BxCy2aRaKP7MCuVjC15bTiziwCqM%2CNONE%2CEMPTY_CONTEXT_ENTITY_URN) - Failed to load resource: the server responded with a status of 500 ()', 'source': 'network', 'timestamp': 1656661319424}
{'level': 'SEVERE', 'message': 'https://www.linkedin.com/mynetwork/invite-connect/connections/ 0:0 ', 'source': 'javascript', 'timestamp': 1656661319424}
{'level': 'SEVERE', 'message': 'https://www.linkedin.com/mynetwork/invite-connect/connections/ 0:0 ', 'source': 'javascript', 'timestamp': 1656661319425}
{'level': 'SEVERE', 'message': 'https://www.linkedin.com/mynetwork/invite-connect/connections/ 0:0 ', 'source': 'javascript', 'timestamp': 1656661319425}
{'level': 'SEVERE', 'message': 'https://www.linkedin.com/mynetwork/invite-connect/connections/ 0:0 ', 'source': 'javascript', 'timestamp': 1656661319425}
{'level': 'SEVERE', 'message': 'https://www.linkedin.com/voyager/api/voyagerMessagingDashComposeOptions/urn%3Ali%3Afsd_composeOption%3A(ACoAAAcv6awB0MtZMsisj_O57vXZcHFG6hCkq-U%2CNONE%2CEMPTY_CONTEXT_ENTITY_URN) - Failed to load resource: the server responded with a status of 500 ()', 'source': 'network', 'timestamp': 1656661319427}
{'level': 'SEVERE', 'message': 'https://www.linkedin.com/voyager/api/voyagerMessagingDashComposeOptions/urn%3Ali%3Afsd_composeOption%3A(ACoAABEi0ZgBS27uARv6ya0ZBXJ-cIehw43JfMA%2CNONE%2CEMPTY_CONTEXT_ENTITY_URN) - Failed to load resource: the server responded with a status of 500 ()', 'source': 'network', 'timestamp': 1656661319428}
{'level': 'SEVERE', 'message': 'https://www.linkedin.com/voyager/api/voyagerMessagingDashComposeOptions/urn%3Ali%3Afsd_composeOption%3A(ACoAABZhn8cBG9Tc39RkcR9IWollIgBK-3souQk%2CNONE%2CEMPTY_CONTEXT_ENTITY_URN) - Failed to load resource: the server responded with a status of 500 ()', 'source': 'network', 'timestamp': 1656661319428}
{'level': 'SEVERE', 'message': 'https://www.linkedin.com/voyager/api/voyagerMessagingDashComposeOptions/urn%3Ali%3Afsd_composeOption%3A(ACoAAAPDYRUBhmWAdrYjmNuDdsrokNtxwc5DUlI%2CNONE%2CEMPTY_CONTEXT_ENTITY_URN) - Failed to load resource: the server responded with a status of 500 ()', 'source': 'network', 'timestamp': 1656661319428}
{'level': 'SEVERE', 'message': 'https://www.linkedin.com/voyager/api/voyagerMessagingDashComposeOptions/urn%3Ali%3Afsd_composeOption%3A(ACoAACJrg2gBAzHRN2mIYEwu-KM94XVDxtrkhAI%2CNONE%2CEMPTY_CONTEXT_ENTITY_URN) - Failed to load resource: the server responded with a status of 500 ()', 'source': 'network', 'timestamp': 1656661319428}
{'level': 'SEVERE', 'message': 'https://www.linkedin.com/voyager/api/voyagerMessagingDashComposeOptions/urn%3Ali%3Afsd_composeOption%3A(ACoAACVvPPUB_bXP3N0uz7jcaBcoGDIaTMZsu78%2CNONE%2CEMPTY_CONTEXT_ENTITY_URN) - Failed to load resource: the server responded with a status of 500 ()', 'source': 'network', 'timestamp': 1656661319430}
{'level': 'SEVERE', 'message': 'https://www.linkedin.com/voyager/api/voyagerMessagingDashComposeOptions/urn%3Ali%3Afsd_composeOption%3A(ACoAACzvOVwBP7WIR-6bfRc7zZRwL_bg7ZdKGp4%2CNONE%2CEMPTY_CONTEXT_ENTITY_URN) - Failed to load resource: the server responded with a status of 500 ()', 'source': 'network', 'timestamp': 1656661319430}
{'level': 'SEVERE', 'message': 'https://www.linkedin.com/mynetwork/invite-connect/connections/ 0:0 ', 'source': 'javascript', 'timestamp': 1656661319444}
{'level': 'SEVERE', 'message': 'https://www.linkedin.com/mynetwork/invite-connect/connections/ 0:0 ', 'source': 'javascript', 'timestamp': 1656661319445}
{'level': 'SEVERE', 'message': 'https://www.linkedin.com/mynetwork/invite-connect/connections/ 0:0 ', 'source': 'javascript', 'timestamp': 1656661319445}
{'level': 'SEVERE', 'message': 'https://www.linkedin.com/mynetwork/invite-connect/connections/ 0:0 ', 'source': 'javascript', 'timestamp': 1656661319446}
{'level': 'SEVERE', 'message': 'https://www.linkedin.com/mynetwork/invite-connect/connections/ 0:0 ', 'source': 'javascript', 'timestamp': 1656661319446}
{'level': 'SEVERE', 'message': 'https://www.linkedin.com/mynetwork/invite-connect/connections/ 0:0 ', 'source': 'javascript', 'timestamp': 1656661319446}
{'level': 'SEVERE', 'message': 'https://www.linkedin.com/voyager/api/voyagerMessagingDashComposeOptions/urn%3Ali%3Afsd_composeOption%3A(ACoAABCX4H4Bjh17anaK2E33_oJhKNW37o7fyWE%2CNONE%2CEMPTY_CONTEXT_ENTITY_URN) - Failed to load resource: the server responded with a status of 500 ()', 'source': 'network', 'timestamp': 1656661319446}
{'level': 'SEVERE', 'message': 'https://www.linkedin.com/mynetwork/invite-connect/connections/ 0:0 ', 'source': 'javascript', 'timestamp': 1656661319447}
{'level': 'SEVERE', 'message': 'https://www.linkedin.com/voyager/api/voyagerMessagingDashComposeOptions/urn%3Ali%3Afsd_composeOption%3A(ACoAACm52LkBIYVl8c5hw5bT18KFPJ08foEOIjQ%2CNONE%2CEMPTY_CONTEXT_ENTITY_URN) - Failed to load resource: the server responded with a status of 500 ()', 'source': 'network', 'timestamp': 1656661319453}
{'level': 'SEVERE', 'message': 'https://www.linkedin.com/mynetwork/invite-connect/connections/ 0:0 ', 'source': 'javascript', 'timestamp': 1656661319454}
{'level': 'SEVERE', 'message': 'https://www.linkedin.com/mynetwork/invite-connect/connections/ 0:0 ', 'source': 'javascript', 'timestamp': 1656661319455}
{'level': 'SEVERE', 'message': 'https://www.linkedin.com/mynetwork/invite-connect/connections/ 0:0 ', 'source': 'javascript', 'timestamp': 1656661319455}
{'level': 'SEVERE', 'message': 'https://www.linkedin.com/voyager/api/voyagerMessagingDashComposeOptions/urn%3Ali%3Afsd_composeOption%3A(ACoAABAwTn8BppZMADoh62FcuJVVVxPsDaQCNZ0%2CNONE%2CEMPTY_CONTEXT_ENTITY_URN) - Failed to load resource: the server responded with a status of 500 ()', 'source': 'network', 'timestamp': 1656661319455}
{'level': 'SEVERE', 'message': 'https://www.linkedin.com/mynetwork/invite-connect/connections/ 0:0 ', 'source': 'javascript', 'timestamp': 1656661319456}
{'level': 'SEVERE', 'message': 'https://www.linkedin.com/mynetwork/invite-connect/connections/ 0:0 ', 'source': 'javascript', 'timestamp': 1656661319456}
{'level': 'SEVERE', 'message': 'https://www.linkedin.com/mynetwork/invite-connect/connections/ 0:0 ', 'source': 'javascript', 'timestamp': 1656661319456}
{'level': 'SEVERE', 'message': 'https://www.linkedin.com/mynetwork/invite-connect/connections/ 0:0 ', 'source': 'javascript', 'timestamp': 1656661319458}
{'level': 'SEVERE', 'message': 'https://www.linkedin.com/mynetwork/invite-connect/connections/ 0:0 ', 'source': 'javascript', 'timestamp': 1656661319458}
{'level': 'SEVERE', 'message': 'https://www.linkedin.com/mynetwork/invite-connect/connections/ 0:0 ', 'source': 'javascript', 'timestamp': 1656661319461}
{'level': 'SEVERE', 'message': 'https://www.linkedin.com/mynetwork/invite-connect/connections/ 0:0 ', 'source': 'javascript', 'timestamp': 1656661319461}
{'level': 'SEVERE', 'message': 'https://www.linkedin.com/mynetwork/invite-connect/connections/ 0:0 ', 'source': 'javascript', 'timestamp': 1656661319462}
{'level': 'SEVERE', 'message': 'https://www.linkedin.com/voyager/api/voyagerMessagingDashComposeOptions/urn%3Ali%3Afsd_composeOption%3A(ACoAACIN_VsBZVFGsiwtDInxrbCD9I0nIw29cm4%2CNONE%2CEMPTY_CONTEXT_ENTITY_URN) - Failed to load resource: the server responded with a status of 500 ()', 'source': 'network', 'timestamp': 1656661319664}
{'level': 'SEVERE', 'message': 'https://www.linkedin.com/mynetwork/invite-connect/connections/ 0:0 ', 'source': 'javascript', 'timestamp': 1656661319668}
